[2023-11-17 06:45:12] [General - Main] [INFO] Native libraries loaded.
[2023-11-17 06:45:12] [Camera - RknnDetectorJNI] [INFO] Successfully loaded shared object librga.so
[2023-11-17 06:45:12] [Camera - RknnDetectorJNI] [INFO] Successfully loaded shared object librknnrt.so
[2023-11-17 06:45:12] [Camera - RknnDetectorJNI] [INFO] Successfully loaded shared object librknn_jni.so
[2023-11-17 06:45:12] [Camera - RknnDetectorJNI] [INFO] Successfully loaded shared object libmrcal_jni.so
[2023-11-17 06:45:12] [General - Main] [INFO] Logging initialized in debug mode.
[2023-11-17 06:45:12] [General - Main] [INFO] Starting PhotonVision version v2024.2.0 on Linux AARCH 64-bit with RK3588
[2023-11-17 06:45:12] [General - Main] [DEBUG] Loading ConfigManager...
[2023-11-17 06:45:12] [Config - SqlConfigProvider] [DEBUG] Using database /opt/photonvision/photonvision_config/photon.sqlite
[2023-11-17 06:45:13] [Config - SqlConfigProvider] [DEBUG] Older database version. Migrating ... 
[2023-11-17 06:45:13] [Config - SqlConfigProvider] [DEBUG] Running migration step 0
[2023-11-17 06:45:13] [Config - SqlConfigProvider] [DEBUG] Running migration step 1
[2023-11-17 06:45:13] [Config - SqlConfigProvider] [DEBUG] Database migration complete
[2023-11-17 06:45:13] [Config - SqlConfigProvider] [INFO] Using correct database version: 2
[2023-11-17 06:45:13] [Config - SqlConfigProvider] [DEBUG] Loading config...
[2023-11-17 06:45:13] [Config - SqlConfigProvider] [ERROR] Could not deserialize hardware config! Loading defaults
[2023-11-17 06:45:13] [Config - SqlConfigProvider] [ERROR] Could not deserialize hardware settings! Loading defaults
[2023-11-17 06:45:13] [Config - SqlConfigProvider] [ERROR] Could not deserialize network config! Loading defaults
[2023-11-17 06:45:13] [General - ShellExec] [DEBUG] Executing "nmcli -t -f GENERAL.CONNECTION,GENERAL.DEVICE,GENERAL.TYPE device show"
[2023-11-17 06:45:13] [General - ShellExec] [DEBUG] Got exit code 0
[2023-11-17 06:45:13] [General - NetworkUtils] [DEBUG] Found network interfaces:
[NMDeviceInfo [connName=netplan-eth0, devName=eth0, nmType=NMTYPE_ETHERNET], NMDeviceInfo [connName=, devName=lo, nmType=NMTYPE_UNKNOWN]]
[2023-11-17 06:45:13] [Config - SqlConfigProvider] [ERROR] Could not deserialize apriltag layout! Loading defaults
[2023-11-17 06:45:13] [General - Main] [DEBUG] Loading HardwareManager...
[2023-11-17 06:45:13] [General - NetworkTablesManager] [INFO] Starting NT Client, server team is 0
[2023-11-17 06:45:13] [General - Main] [DEBUG] Loading NetworkManager...
[2023-11-17 06:45:13] [General - NetworkManager] [INFO] Setting DHCP with team 0
[2023-11-17 06:45:13] [General - ShellExec] [DEBUG] Executing "cat /etc/hostname | tr -d " \t\n\r""
[2023-11-17 06:45:13] [General - NetworkTablesManager] [ERROR] [NetworkTablesManager] Could not connect to the robot! Will retry in the background...
[2023-11-17 06:45:13] [General - ShellExec] [DEBUG] Got exit code 0
[2023-11-17 06:45:13] [General - ShellExec] [DEBUG] Executing "echo photonvision > /etc/hostname"
[2023-11-17 06:45:13] [General - ShellExec] [DEBUG] Got exit code 0
[2023-11-17 06:45:13] [General - ShellExec] [DEBUG] Executing "hostnamectl set-hostname photonvision"
[2023-11-17 06:45:13] [General - ShellExec] [DEBUG] Got exit code 0
[2023-11-17 06:45:13] [General - ShellExec] [DEBUG] Executing "sed -i "s/127.0.1.1.*ubuntu/127.0.1.1\tphotonvision/g" /etc/hosts"
[2023-11-17 06:45:13] [General - ShellExec] [DEBUG] Got exit code 0
[2023-11-17 06:45:13] [General - ShellExec] [DEBUG] Executing "sudo service avahi-daemon restart"
[2023-11-17 06:45:13] [General - ShellExec] [DEBUG] Got exit code 0
[2023-11-17 06:45:13] [General - NetworkManager] [INFO] Set hostname to photonvision
[2023-11-17 06:45:13] [General - ShellExec] [DEBUG] Executing "nmcli con mod "netplan-eth0" ipv4.method "auto" ipv6.method "disabled""
[2023-11-17 06:45:13] [General - ShellExec] [DEBUG] Got exit code 0
[2023-11-17 06:45:13] [General - ShellExec] [DEBUG] Executing "dhclient eth0"
[2023-11-17 06:45:13] [General - ShellExec] [DEBUG] Got exit code 0
[2023-11-17 06:45:13] [General - Main] [DEBUG] Loading NetworkTablesManager...
[2023-11-17 06:45:13] [General - Main] [INFO] Loading ML models
[2023-11-17 06:45:13] [General - Main] [DEBUG] Loading VisionSourceManager...
[2023-11-17 06:45:13] [General - Main] [INFO] Starting server...
[2023-11-17 06:45:13] [WebServer - DataChangeService] [DEBUG] Added subscriber - Sources: DCS_WEBSOCKET, DCS_HTTP, DCS_NETWORKTABLES, DCS_VISIONMODULE, DCS_OTHER, Destinations: DCD_WEBSERVER
[2023-11-17 06:45:13] [Camera - VisionSourceManager] [DEBUG] Matching 1 new cameras!
[2023-11-17 06:45:13] [Camera - VisionSourceManager] [INFO] Adding local video device - "Arducam OV9281 USB Camera" at "/dev/video0"
[2023-11-17 06:45:13] [Camera - VisionSourceManager] [DEBUG] After matching loaded configs 1 cameras were unmatched.
[2023-11-17 06:45:13] [Camera - VisionSourceManager] [INFO] Creating a new camera config for camera Arducam_OV9281_USB_Camera
[2023-11-17 06:45:13] [Camera - CameraConfiguration] [DEBUG] Creating USB camera configuration for UsbCamera Arducam OV9281 USB Camera (AKA Arducam_OV9281_USB_Camera) at /dev/video0
[2023-11-17 06:45:13] [Camera - VisionSourceManager] [DEBUG] Matched or created 1 camera configs!
[2023-11-17 06:45:13] [Camera - VisionSourceManager] [DEBUG] Creating VisionSource for CameraConfiguration [baseName=Arducam OV9281 USB Camera, uniqueName=Arducam_OV9281_USB_Camera, nickname=Arducam_OV9281_USB_Camera, path=/dev/video0, otherPaths=[/dev/v4l/by-id/usb-Arducam_Technology_Co.__Ltd._Arducam_OV9281_USB_Camera_UC762-video-index0, /dev/v4l/by-path/platform-fc880000.usb-usb-0:1:1.0-video-index0], cameraType=UsbCamera, cameraQuirks=null, FOV=70.0, calibrations=[], currentPipelineIndex=0, streamIndex=0, pipelineSettings=[], driveModeSettings=CVPipelineSettings{pipelineIndex=-1, pipelineType=DriverMode, inputImageRotationMode=DEG_0, pipelineNickname='Driver Mode', cameraExposure=20.0, cameraBrightness=50, cameraGain=75, cameraRedGain=11, cameraBlueGain=20, cameraVideoModeIndex=0, streamingFrameDivisor=NONE, ledMode=false, inputShouldShow=true, outputShouldShow=true}]
[2023-11-17 06:45:13] [Camera - USBCameraSource - Arducam_OV9281_USB_Camera] [INFO] Quirky camera detected: Arducam OV9281 USB Camera
[2023-11-17 06:45:13] [WebServer - DataChangeService] [DEBUG] Added subscriber - Sources: DCS_WEBSOCKET, DCS_HTTP, DCS_NETWORKTABLES, DCS_VISIONMODULE, DCS_OTHER, Destinations: DCD_UI
[2023-11-17 06:45:13] [WebServer - DataChangeService] [DEBUG] Added subscriber - Sources: DCS_WEBSOCKET, Destinations: DCD_GENSETTINGS
[2023-11-17 06:45:13] [Camera - VisionSourceManager] [DEBUG] Matched config for camera "USBFrameProvider - opencv_Arducam_OV9281_USB_Camera" and loaded 0 pipelines
[2023-11-17 06:45:13] [Camera - VisionSourceManager] [INFO] Adding 1 configs to VMM.
[2023-11-17 06:45:13] [WebServer - DataChangeService] [DEBUG] Added subscriber - Sources: DCS_WEBSOCKET, DCS_HTTP, DCS_NETWORKTABLES, DCS_VISIONMODULE, DCS_OTHER, Destinations: DCD_ACTIVEMODULE, DCD_ACTIVEPIPELINESETTINGS, DCD_GENSETTINGS, DCD_UI, DCD_WEBSERVER, DCD_OTHER
[2023-11-17 06:45:14] [VisionModule - VisionModule - Arducam_OV9281_USB_Camera] [INFO] Setting pipeline to 0
[2023-11-17 06:45:14] [VisionModule - VisionModule - Arducam_OV9281_USB_Camera] [INFO] Pipeline name: New Pipeline
[2023-11-17 06:45:14] [VisionModule - PipelineManager] [DEBUG] Creating Reflective pipeline
[2023-11-17 06:45:14] [VisionModule - VisionSourceSettables] [INFO] Setting video mode to FPS: 100 Width: 320 Height: 240 Pixel Format: kMJPEG
[2023-11-17 06:45:15] [Config - ConfigManager] [DEBUG] Saving to disk...
[2023-11-17 06:45:15] [Config - SqlConfigProvider] [DEBUG] Saving to disk
[2023-11-17 06:45:15] [Config - SqlConfigProvider] [INFO] Settings saved!
[2023-11-17 06:45:15] [VisionModule - VisionSourceSettables] [DEBUG] Setting camera exposure to 6
[2023-11-17 06:45:15] [VisionModule - VisionSourceSettables] [DEBUG] Setting auto exposure to false
[2023-11-17 06:45:15] [VisionModule - VisionSourceSettables] [DEBUG] Setting camera exposure to 6
[2023-11-17 06:45:17] [Config - ConfigManager] [DEBUG] Saving to disk...
[2023-11-17 06:45:17] [Config - SqlConfigProvider] [DEBUG] Saving to disk
[2023-11-17 06:45:17] [Config - SqlConfigProvider] [INFO] Settings saved!
